Start testing: Feb 20 00:23 CST
----------------------------------------------------------
1/1 Testing: BasicTest
1/1 Test: BasicTest
Command: "/home/magnus/ProtocolDesign/third_party/GKC_build/bin/BasicTest"
Directory: /home/magnus/ProtocolDesign/third_party/GKC_build/test
"BasicTest" start time: Feb 20 00:23 CST
Output:
----------------------------------------------------------
=======================
/home/magnus/ProtocolDesign/third_party/GKC_build/bin/BasicTest
=======================
HOSTTYPE=x86_64
LANG=C.UTF-8
PATH=/home/magnus/.nvm/versions/node/v20.20.0/bin:/usr/local/sbin:/usr/local/bin:/usr/sbin:/usr/bin:/sbin:/bin:/usr/games:/usr/local/games:/usr/lib/wsl/lib:/mnt/c/Windows/system32:/mnt/c/Windows:/mnt/c/Windows/System32/Wbem:/mnt/c/Windows/System32/WindowsPowerShell/v1.0/:/mnt/c/Windows/System32/OpenSSH/:/mnt/c/Program Files/dotnet/:/mnt/c/Users/14783/AppData/Local/Microsoft/WindowsApps:/mnt/d/BDownLoad/Microsoft VS Code/bin:/mnt/c/Users/14783/AppData/Local/PowerToys/DSCModules/
TERM=xterm-256color
XDG_RUNTIME_DIR=/run/user/1000/
DISPLAY=:0
WAYLAND_DISPLAY=wayland-0
PULSE_SERVER=unix:/mnt/wslg/PulseServer
WSL2_GUI_APPS_ENABLED=1
WSLENV=WT_SESSION:WT_PROFILE_ID:
WT_SESSION=4a856ee0-fa57-4adf-b4ea-e8dc030cc3d9
WT_PROFILE_ID={4ff56d04-d9cf-57ea-bae2-ad396374e7e3}
WSL_INTEROP=/run/WSL/20924_interop
NAME=magnus
WSL_DISTRO_NAME=Ubuntu-22.04
HOME=/home/magnus
USER=magnus
LOGNAME=magnus
SHELL=/usr/bin/zsh
DBUS_SESSION_BUS_ADDRESS=unix:path=/run/user/1000/bus
SHLVL=1
PWD=/home/magnus/ProtocolDesign/third_party/GKC_build
OLDPWD=/home/magnus/ProtocolDesign/third_party
ZSH=/home/magnus/.oh-my-zsh
PAGER=less
LESS=-R
LSCOLORS=Gxfxcxdxbxegedabagacad
LS_COLORS=rs=0:di=01;34:ln=01;36:mh=00:pi=40;33:so=01;35:do=01;35:bd=40;33;01:cd=40;33;01:or=40;31;01:mi=00:su=37;41:sg=30;43:ca=30;41:tw=30;42:ow=34;42:st=37;44:ex=01;32:*.tar=01;31:*.tgz=01;31:*.arc=01;31:*.arj=01;31:*.taz=01;31:*.lha=01;31:*.lz4=01;31:*.lzh=01;31:*.lzma=01;31:*.tlz=01;31:*.txz=01;31:*.tzo=01;31:*.t7z=01;31:*.zip=01;31:*.z=01;31:*.dz=01;31:*.gz=01;31:*.lrz=01;31:*.lz=01;31:*.lzo=01;31:*.xz=01;31:*.zst=01;31:*.tzst=01;31:*.bz2=01;31:*.bz=01;31:*.tbz=01;31:*.tbz2=01;31:*.tz=01;31:*.deb=01;31:*.rpm=01;31:*.jar=01;31:*.war=01;31:*.ear=01;31:*.sar=01;31:*.rar=01;31:*.alz=01;31:*.ace=01;31:*.zoo=01;31:*.cpio=01;31:*.7z=01;31:*.rz=01;31:*.cab=01;31:*.wim=01;31:*.swm=01;31:*.dwm=01;31:*.esd=01;31:*.jpg=01;35:*.jpeg=01;35:*.mjpg=01;35:*.mjpeg=01;35:*.gif=01;35:*.bmp=01;35:*.pbm=01;35:*.pgm=01;35:*.ppm=01;35:*.tga=01;35:*.xbm=01;35:*.xpm=01;35:*.tif=01;35:*.tiff=01;35:*.png=01;35:*.svg=01;35:*.svgz=01;35:*.mng=01;35:*.pcx=01;35:*.mov=01;35:*.mpg=01;35:*.mpeg=01;35:*.m2v=01;35:*.mkv=01;35:*.webm=01;35:*.webp=01;35:*.ogm=01;35:*.mp4=01;35:*.m4v=01;35:*.mp4v=01;35:*.vob=01;35:*.qt=01;35:*.nuv=01;35:*.wmv=01;35:*.asf=01;35:*.rm=01;35:*.rmvb=01;35:*.flc=01;35:*.avi=01;35:*.fli=01;35:*.flv=01;35:*.gl=01;35:*.dl=01;35:*.xcf=01;35:*.xwd=01;35:*.yuv=01;35:*.cgm=01;35:*.emf=01;35:*.ogv=01;35:*.ogx=01;35:*.aac=00;36:*.au=00;36:*.flac=00;36:*.m4a=00;36:*.mid=00;36:*.midi=00;36:*.mka=00;36:*.mp3=00;36:*.mpc=00;36:*.ogg=00;36:*.ra=00;36:*.wav=00;36:*.oga=00;36:*.opus=00;36:*.spx=00;36:*.xspf=00;36:
NVM_DIR=/home/magnus/.nvm
NVM_CD_FLAGS=-q
NVM_BIN=/home/magnus/.nvm/versions/node/v20.20.0/bin
NVM_INC=/home/magnus/.nvm/versions/node/v20.20.0/include/node
ANTHROPIC_BASE_URL=https://crs2acc.itssx.com/api
ANTHROPIC_AUTH_TOKEN=cr_fe3952c02eb1f7e9156b88e01d5c38afb1481f57775d1d3c0ed483a659613e69
API_TIMEOUT_MS=3000000
CLAUDE_CODE_DISABLE_NONESSENTIAL_TRAFFIC=1
_=/usr/bin/ctest
CTEST_INTERACTIVE_DEBUG_MODE=1
==========================
PkTest:
source: 3, dest: 5
source: 4, dest: 5
source: 5, dest: 5
source: 6, dest: 5
source: 4608, dest: 60
!!!!!!!!!!!!!!!!!!!
time : 0, 59285
source: 4608, dest: 5177
time : 0, 11724
time : 0, 958332
source: 45056, dest: 50556
time : 0, 110551
time : 0, 95500231
source: 4194304, dest: 4704054
time : 0, 11120336
!!!!!!!!!!!!!!!!!!!
time : 0, 180565
source: 4608, dest: 60
time : 0, 7606
time : 0, 753729
source: 45056, dest: 580
time : 0, 68504
time : 0, 31636638
source: 4194304, dest: 54030
time : 0, 10001268
**************************
==========================
AcTest:
source: 3, dest: 6
source: 4, dest: 6
source: 5, dest: 6
source: 6, dest: 6
source: 4608, dest: 9
!!!!!!!!!!!!!!!!!!!
time : 0, 534392
source: 4608, dest: 6148
time : 0, 973622
time : 0, 5347488
source: 45056, dest: 66376
time : 0, 8607154
time : 0, 364964212
source: 4194304, dest: 4267924
time : 0, 435107566
!!!!!!!!!!!!!!!!!!!
time : 0, 37638
source: 4608, dest: 9
time : 0, 271721
time : 0, 330749
source: 45056, dest: 9
time : 0, 2675165
time : 0, 31033868
source: 4194304, dest: 144
time : 0, 262448145
**************************
--------------------------
Total (2), Failed (0)
<end of output>
Test time =   1.40 sec
----------------------------------------------------------
Test Passed.
"BasicTest" end time: Feb 20 00:23 CST
"BasicTest" time elapsed: 00:00:01
----------------------------------------------------------

End testing: Feb 20 00:23 CST
